mode: set
github.com/Ulbora/GoAuth2/handlers/alowedUriRestHandlers.go:33.87,43.10 8 1
github.com/Ulbora/GoAuth2/handlers/alowedUriRestHandlers.go:43.10,47.20 4 1
github.com/Ulbora/GoAuth2/handlers/alowedUriRestHandlers.go:47.20,49.4 1 1
github.com/Ulbora/GoAuth2/handlers/alowedUriRestHandlers.go:49.9,55.28 6 1
github.com/Ulbora/GoAuth2/handlers/alowedUriRestHandlers.go:55.28,57.5 1 1
github.com/Ulbora/GoAuth2/handlers/alowedUriRestHandlers.go:57.10,62.29 5 1
github.com/Ulbora/GoAuth2/handlers/alowedUriRestHandlers.go:69.5,70.35 2 1
github.com/Ulbora/GoAuth2/handlers/alowedUriRestHandlers.go:62.29,66.6 3 1
github.com/Ulbora/GoAuth2/handlers/alowedUriRestHandlers.go:66.11,68.6 1 1
github.com/Ulbora/GoAuth2/handlers/alowedUriRestHandlers.go:73.8,78.3 4 1
github.com/Ulbora/GoAuth2/handlers/alowedUriRestHandlers.go:82.82,88.25 6 1
github.com/Ulbora/GoAuth2/handlers/alowedUriRestHandlers.go:88.25,98.12 4 1
github.com/Ulbora/GoAuth2/handlers/alowedUriRestHandlers.go:103.3,110.11 5 1
github.com/Ulbora/GoAuth2/handlers/alowedUriRestHandlers.go:98.12,100.4 1 1
github.com/Ulbora/GoAuth2/handlers/alowedUriRestHandlers.go:100.9,102.4 1 1
github.com/Ulbora/GoAuth2/handlers/alowedUriRestHandlers.go:110.11,114.20 4 1
github.com/Ulbora/GoAuth2/handlers/alowedUriRestHandlers.go:114.20,116.5 1 1
github.com/Ulbora/GoAuth2/handlers/alowedUriRestHandlers.go:116.10,121.27 5 1
github.com/Ulbora/GoAuth2/handlers/alowedUriRestHandlers.go:128.5,129.35 2 1
github.com/Ulbora/GoAuth2/handlers/alowedUriRestHandlers.go:121.27,125.6 3 1
github.com/Ulbora/GoAuth2/handlers/alowedUriRestHandlers.go:125.11,127.6 1 1
github.com/Ulbora/GoAuth2/handlers/alowedUriRestHandlers.go:131.9,136.4 4 1
github.com/Ulbora/GoAuth2/handlers/alowedUriRestHandlers.go:137.8,139.3 1 1
github.com/Ulbora/GoAuth2/handlers/alowedUriRestHandlers.go:143.90,153.10 8 1
github.com/Ulbora/GoAuth2/handlers/alowedUriRestHandlers.go:153.10,157.21 4 1
github.com/Ulbora/GoAuth2/handlers/alowedUriRestHandlers.go:157.21,159.4 1 1
github.com/Ulbora/GoAuth2/handlers/alowedUriRestHandlers.go:159.9,165.30 6 1
github.com/Ulbora/GoAuth2/handlers/alowedUriRestHandlers.go:165.30,167.5 1 1
github.com/Ulbora/GoAuth2/handlers/alowedUriRestHandlers.go:167.10,171.16 4 1
github.com/Ulbora/GoAuth2/handlers/alowedUriRestHandlers.go:177.5,178.35 2 1
github.com/Ulbora/GoAuth2/handlers/alowedUriRestHandlers.go:171.16,174.6 2 1
github.com/Ulbora/GoAuth2/handlers/alowedUriRestHandlers.go:174.11,176.6 1 1
github.com/Ulbora/GoAuth2/handlers/alowedUriRestHandlers.go:181.8,186.3 4 1
github.com/Ulbora/GoAuth2/handlers/oauthHandlers.go:44.60,48.2 3 1
github.com/Ulbora/GoAuth2/handlers/oauthHandlers.go:51.86,54.33 3 1
github.com/Ulbora/GoAuth2/handlers/oauthHandlers.go:58.2,58.12 1 1
github.com/Ulbora/GoAuth2/handlers/oauthHandlers.go:54.33,57.3 1 1
github.com/Ulbora/GoAuth2/handlers/oauthHandlers.go:62.88,66.19 3 1
github.com/Ulbora/GoAuth2/handlers/oauthHandlers.go:80.2,80.17 1 1
github.com/Ulbora/GoAuth2/handlers/oauthHandlers.go:66.19,71.17 3 1
github.com/Ulbora/GoAuth2/handlers/oauthHandlers.go:71.17,73.4 1 1
github.com/Ulbora/GoAuth2/handlers/oauthHandlers.go:73.9,75.4 1 1
github.com/Ulbora/GoAuth2/handlers/oauthHandlers.go:76.8,78.3 1 1
