mode: set
github.com/Ulbora/GoAuth2/mysqldb/accessToken.go:32.94,33.38 1 1
github.com/Ulbora/GoAuth2/mysqldb/accessToken.go:36.2,39.40 4 1
github.com/Ulbora/GoAuth2/mysqldb/accessToken.go:53.2,53.16 1 1
github.com/Ulbora/GoAuth2/mysqldb/accessToken.go:33.38,35.3 1 1
github.com/Ulbora/GoAuth2/mysqldb/accessToken.go:39.40,42.3 2 1
github.com/Ulbora/GoAuth2/mysqldb/accessToken.go:42.8,42.22 1 1
github.com/Ulbora/GoAuth2/mysqldb/accessToken.go:42.22,45.3 2 1
github.com/Ulbora/GoAuth2/mysqldb/accessToken.go:45.8,45.34 1 1
github.com/Ulbora/GoAuth2/mysqldb/accessToken.go:45.34,48.3 2 1
github.com/Ulbora/GoAuth2/mysqldb/accessToken.go:48.8,51.3 2 1
github.com/Ulbora/GoAuth2/mysqldb/accessToken.go:57.88,58.38 1 1
github.com/Ulbora/GoAuth2/mysqldb/accessToken.go:61.2,63.40 3 1
github.com/Ulbora/GoAuth2/mysqldb/accessToken.go:76.2,76.12 1 1
github.com/Ulbora/GoAuth2/mysqldb/accessToken.go:58.38,60.3 1 1
github.com/Ulbora/GoAuth2/mysqldb/accessToken.go:63.40,66.3 2 1
github.com/Ulbora/GoAuth2/mysqldb/accessToken.go:66.8,66.22 1 1
github.com/Ulbora/GoAuth2/mysqldb/accessToken.go:66.22,69.3 2 1
github.com/Ulbora/GoAuth2/mysqldb/accessToken.go:69.8,69.34 1 1
github.com/Ulbora/GoAuth2/mysqldb/accessToken.go:69.34,72.3 2 1
github.com/Ulbora/GoAuth2/mysqldb/accessToken.go:72.8,75.3 2 1
github.com/Ulbora/GoAuth2/mysqldb/accessToken.go:80.66,81.25 1 1
github.com/Ulbora/GoAuth2/mysqldb/accessToken.go:84.2,88.12 5 1
github.com/Ulbora/GoAuth2/mysqldb/accessToken.go:81.25,83.3 1 1
github.com/Ulbora/GoAuth2/mysqldb/accessToken.go:92.78,94.38 2 1
github.com/Ulbora/GoAuth2/mysqldb/accessToken.go:97.2,99.15 3 1
github.com/Ulbora/GoAuth2/mysqldb/accessToken.go:104.2,104.12 1 1
github.com/Ulbora/GoAuth2/mysqldb/accessToken.go:94.38,96.3 1 1
github.com/Ulbora/GoAuth2/mysqldb/accessToken.go:99.15,101.3 1 1
github.com/Ulbora/GoAuth2/mysqldb/accessToken.go:101.8,103.3 1 1
github.com/Ulbora/GoAuth2/mysqldb/accessToken.go:107.63,110.16 3 1
github.com/Ulbora/GoAuth2/mysqldb/accessToken.go:122.2,122.13 1 1
github.com/Ulbora/GoAuth2/mysqldb/accessToken.go:110.16,112.17 2 1
github.com/Ulbora/GoAuth2/mysqldb/accessToken.go:112.17,116.28 4 1
github.com/Ulbora/GoAuth2/mysqldb/accessToken.go:116.28,119.5 2 1
github.com/Ulbora/GoAuth2/mysqldb/authorizationCode.go:32.152,35.25 3 1
github.com/Ulbora/GoAuth2/mysqldb/authorizationCode.go:38.2,40.20 3 1
github.com/Ulbora/GoAuth2/mysqldb/authorizationCode.go:52.2,52.10 1 1
github.com/Ulbora/GoAuth2/mysqldb/authorizationCode.go:93.2,93.16 1 1
github.com/Ulbora/GoAuth2/mysqldb/authorizationCode.go:35.25,37.3 1 0
github.com/Ulbora/GoAuth2/mysqldb/authorizationCode.go:40.20,44.12 4 1
github.com/Ulbora/GoAuth2/mysqldb/authorizationCode.go:44.12,47.4 2 1
github.com/Ulbora/GoAuth2/mysqldb/authorizationCode.go:48.8,50.3 1 0
github.com/Ulbora/GoAuth2/mysqldb/authorizationCode.go:52.10,57.12 4 1
github.com/Ulbora/GoAuth2/mysqldb/authorizationCode.go:57.12,64.11 7 1
github.com/Ulbora/GoAuth2/mysqldb/authorizationCode.go:64.11,67.25 2 1
github.com/Ulbora/GoAuth2/mysqldb/authorizationCode.go:80.5,80.14 1 1
github.com/Ulbora/GoAuth2/mysqldb/authorizationCode.go:67.25,68.35 1 1
github.com/Ulbora/GoAuth2/mysqldb/authorizationCode.go:68.35,75.16 7 1
github.com/Ulbora/GoAuth2/mysqldb/authorizationCode.go:75.16,77.8 1 0
github.com/Ulbora/GoAuth2/mysqldb/authorizationCode.go:80.14,83.6 2 1
github.com/Ulbora/GoAuth2/mysqldb/authorizationCode.go:83.11,85.6 1 0
github.com/Ulbora/GoAuth2/mysqldb/authorizationCode.go:86.10,88.5 1 0
github.com/Ulbora/GoAuth2/mysqldb/authorizationCode.go:90.8,92.3 1 0
github.com/Ulbora/GoAuth2/mysqldb/authorizationCode.go:97.101,98.25 1 1
github.com/Ulbora/GoAuth2/mysqldb/authorizationCode.go:101.2,105.40 5 1
github.com/Ulbora/GoAuth2/mysqldb/authorizationCode.go:114.2,115.13 2 1
github.com/Ulbora/GoAuth2/mysqldb/authorizationCode.go:98.25,100.3 1 0
github.com/Ulbora/GoAuth2/mysqldb/authorizationCode.go:105.40,107.28 2 1
github.com/Ulbora/GoAuth2/mysqldb/authorizationCode.go:107.28,111.4 3 1
github.com/Ulbora/GoAuth2/mysqldb/authorizationCode.go:119.84,121.25 2 1
github.com/Ulbora/GoAuth2/mysqldb/authorizationCode.go:125.2,126.35 2 1
github.com/Ulbora/GoAuth2/mysqldb/authorizationCode.go:167.2,167.12 1 1
github.com/Ulbora/GoAuth2/mysqldb/authorizationCode.go:121.25,123.3 1 0
github.com/Ulbora/GoAuth2/mysqldb/authorizationCode.go:126.35,127.34 1 1
github.com/Ulbora/GoAuth2/mysqldb/authorizationCode.go:127.34,130.29 3 1
github.com/Ulbora/GoAuth2/mysqldb/authorizationCode.go:134.4,139.12 4 1
github.com/Ulbora/GoAuth2/mysqldb/authorizationCode.go:130.29,133.5 2 1
github.com/Ulbora/GoAuth2/mysqldb/authorizationCode.go:139.12,143.14 4 1
github.com/Ulbora/GoAuth2/mysqldb/authorizationCode.go:143.14,145.15 2 1
github.com/Ulbora/GoAuth2/mysqldb/authorizationCode.go:145.15,147.19 2 1
github.com/Ulbora/GoAuth2/mysqldb/authorizationCode.go:150.7,150.15 1 1
github.com/Ulbora/GoAuth2/mysqldb/authorizationCode.go:147.19,149.8 1 1
github.com/Ulbora/GoAuth2/mysqldb/authorizationCode.go:150.15,153.8 2 1
github.com/Ulbora/GoAuth2/mysqldb/authorizationCode.go:153.13,155.8 1 0
github.com/Ulbora/GoAuth2/mysqldb/authorizationCode.go:156.12,158.7 1 0
github.com/Ulbora/GoAuth2/mysqldb/authorizationCode.go:159.11,161.6 1 1
github.com/Ulbora/GoAuth2/mysqldb/authorizationCode.go:162.10,164.5 1 0
github.com/Ulbora/GoAuth2/mysqldb/authorizationCode.go:170.66,173.16 3 1
github.com/Ulbora/GoAuth2/mysqldb/authorizationCode.go:197.2,197.13 1 1
github.com/Ulbora/GoAuth2/mysqldb/authorizationCode.go:173.16,176.17 2 1
github.com/Ulbora/GoAuth2/mysqldb/authorizationCode.go:176.17,179.18 2 1
github.com/Ulbora/GoAuth2/mysqldb/authorizationCode.go:179.18,182.19 2 1
github.com/Ulbora/GoAuth2/mysqldb/authorizationCode.go:182.19,184.20 2 1
github.com/Ulbora/GoAuth2/mysqldb/authorizationCode.go:184.20,192.7 7 1
github.com/Ulbora/GoAuth2/mysqldb/redirectUri.go:30.107,33.38 3 1
github.com/Ulbora/GoAuth2/mysqldb/redirectUri.go:36.2,38.15 3 1
github.com/Ulbora/GoAuth2/mysqldb/redirectUri.go:44.2,44.16 1 1
github.com/Ulbora/GoAuth2/mysqldb/redirectUri.go:33.38,35.3 1 1
github.com/Ulbora/GoAuth2/mysqldb/redirectUri.go:38.15,40.3 1 1
github.com/Ulbora/GoAuth2/mysqldb/redirectUri.go:40.8,42.3 1 1
github.com/Ulbora/GoAuth2/mysqldb/redirectUri.go:48.90,49.25 1 1
github.com/Ulbora/GoAuth2/mysqldb/redirectUri.go:52.2,56.40 5 1
github.com/Ulbora/GoAuth2/mysqldb/redirectUri.go:64.2,64.13 1 1
github.com/Ulbora/GoAuth2/mysqldb/redirectUri.go:49.25,51.3 1 1
github.com/Ulbora/GoAuth2/mysqldb/redirectUri.go:56.40,58.28 2 1
github.com/Ulbora/GoAuth2/mysqldb/redirectUri.go:58.28,62.4 3 1
github.com/Ulbora/GoAuth2/mysqldb/redirectUri.go:68.96,69.25 1 1
github.com/Ulbora/GoAuth2/mysqldb/redirectUri.go:72.2,76.12 5 1
github.com/Ulbora/GoAuth2/mysqldb/redirectUri.go:69.25,71.3 1 1
github.com/Ulbora/GoAuth2/mysqldb/redirectUri.go:80.84,82.38 2 1
github.com/Ulbora/GoAuth2/mysqldb/redirectUri.go:85.2,87.15 3 1
github.com/Ulbora/GoAuth2/mysqldb/redirectUri.go:92.2,92.12 1 1
github.com/Ulbora/GoAuth2/mysqldb/redirectUri.go:82.38,84.3 1 1
github.com/Ulbora/GoAuth2/mysqldb/redirectUri.go:87.15,89.3 1 1
github.com/Ulbora/GoAuth2/mysqldb/redirectUri.go:89.8,91.3 1 1
github.com/Ulbora/GoAuth2/mysqldb/redirectUri.go:96.93,98.38 2 1
github.com/Ulbora/GoAuth2/mysqldb/redirectUri.go:101.2,103.15 3 1
github.com/Ulbora/GoAuth2/mysqldb/redirectUri.go:108.2,108.12 1 1
github.com/Ulbora/GoAuth2/mysqldb/redirectUri.go:98.38,100.3 1 1
github.com/Ulbora/GoAuth2/mysqldb/redirectUri.go:103.15,105.3 1 1
github.com/Ulbora/GoAuth2/mysqldb/redirectUri.go:105.8,107.3 1 1
github.com/Ulbora/GoAuth2/mysqldb/redirectUri.go:111.67,114.16 3 1
github.com/Ulbora/GoAuth2/mysqldb/redirectUri.go:122.2,122.13 1 1
github.com/Ulbora/GoAuth2/mysqldb/redirectUri.go:114.16,116.17 2 1
github.com/Ulbora/GoAuth2/mysqldb/redirectUri.go:116.17,120.4 3 1
github.com/Ulbora/GoAuth2/mysqldb/roles.go:29.71,30.25 1 1
github.com/Ulbora/GoAuth2/mysqldb/roles.go:33.2,36.16 4 1
github.com/Ulbora/GoAuth2/mysqldb/roles.go:30.25,32.3 1 1
github.com/Ulbora/GoAuth2/mysqldb/roles.go:40.76,41.25 1 1
github.com/Ulbora/GoAuth2/mysqldb/roles.go:44.2,48.40 5 1
github.com/Ulbora/GoAuth2/mysqldb/roles.go:56.2,56.13 1 1
github.com/Ulbora/GoAuth2/mysqldb/roles.go:41.25,43.3 1 1
github.com/Ulbora/GoAuth2/mysqldb/roles.go:48.40,50.28 2 1
github.com/Ulbora/GoAuth2/mysqldb/roles.go:50.28,54.4 3 1
github.com/Ulbora/GoAuth2/mysqldb/roles.go:60.56,61.25 1 1
github.com/Ulbora/GoAuth2/mysqldb/roles.go:64.2,66.38 3 1
github.com/Ulbora/GoAuth2/mysqldb/roles.go:61.25,63.3 1 1
github.com/Ulbora/GoAuth2/mysqldb/roles.go:69.61,72.16 3 1
github.com/Ulbora/GoAuth2/mysqldb/roles.go:80.2,80.13 1 1
github.com/Ulbora/GoAuth2/mysqldb/roles.go:72.16,74.17 2 1
github.com/Ulbora/GoAuth2/mysqldb/roles.go:74.17,78.4 3 1
github.com/Ulbora/GoAuth2/mysqldb/scope.go:29.73,30.25 1 1
github.com/Ulbora/GoAuth2/mysqldb/scope.go:33.2,36.16 4 1
github.com/Ulbora/GoAuth2/mysqldb/scope.go:30.25,32.3 1 1
github.com/Ulbora/GoAuth2/mysqldb/scope.go:40.78,41.25 1 1
github.com/Ulbora/GoAuth2/mysqldb/scope.go:44.2,48.40 5 1
github.com/Ulbora/GoAuth2/mysqldb/scope.go:56.2,56.13 1 1
github.com/Ulbora/GoAuth2/mysqldb/scope.go:41.25,43.3 1 1
github.com/Ulbora/GoAuth2/mysqldb/scope.go:48.40,50.28 2 1
github.com/Ulbora/GoAuth2/mysqldb/scope.go:50.28,54.4 3 1
github.com/Ulbora/GoAuth2/mysqldb/scope.go:60.57,61.25 1 1
github.com/Ulbora/GoAuth2/mysqldb/scope.go:64.2,66.39 3 1
github.com/Ulbora/GoAuth2/mysqldb/scope.go:61.25,63.3 1 1
github.com/Ulbora/GoAuth2/mysqldb/scope.go:69.63,72.16 3 1
github.com/Ulbora/GoAuth2/mysqldb/scope.go:80.2,80.13 1 1
github.com/Ulbora/GoAuth2/mysqldb/scope.go:72.16,74.17 2 1
github.com/Ulbora/GoAuth2/mysqldb/scope.go:74.17,78.4 3 1
github.com/Ulbora/GoAuth2/mysqldb/allowedUri.go:29.84,30.25 1 1
github.com/Ulbora/GoAuth2/mysqldb/allowedUri.go:33.2,36.16 4 1
github.com/Ulbora/GoAuth2/mysqldb/allowedUri.go:30.25,32.3 1 1
github.com/Ulbora/GoAuth2/mysqldb/allowedUri.go:40.78,41.25 1 1
github.com/Ulbora/GoAuth2/mysqldb/allowedUri.go:44.2,47.12 4 1
github.com/Ulbora/GoAuth2/mysqldb/allowedUri.go:41.25,43.3 1 1
github.com/Ulbora/GoAuth2/mysqldb/allowedUri.go:51.80,52.25 1 1
github.com/Ulbora/GoAuth2/mysqldb/allowedUri.go:55.2,59.12 5 1
github.com/Ulbora/GoAuth2/mysqldb/allowedUri.go:52.25,54.3 1 1
github.com/Ulbora/GoAuth2/mysqldb/allowedUri.go:63.88,64.25 1 1
github.com/Ulbora/GoAuth2/mysqldb/allowedUri.go:67.2,71.40 5 1
github.com/Ulbora/GoAuth2/mysqldb/allowedUri.go:79.2,79.13 1 1
github.com/Ulbora/GoAuth2/mysqldb/allowedUri.go:64.25,66.3 1 1
github.com/Ulbora/GoAuth2/mysqldb/allowedUri.go:71.40,73.28 2 1
github.com/Ulbora/GoAuth2/mysqldb/allowedUri.go:73.28,77.4 3 1
github.com/Ulbora/GoAuth2/mysqldb/allowedUri.go:83.94,84.25 1 1
github.com/Ulbora/GoAuth2/mysqldb/allowedUri.go:87.2,91.12 5 1
github.com/Ulbora/GoAuth2/mysqldb/allowedUri.go:84.25,86.3 1 1
github.com/Ulbora/GoAuth2/mysqldb/allowedUri.go:95.62,96.25 1 1
github.com/Ulbora/GoAuth2/mysqldb/allowedUri.go:99.2,101.44 3 1
github.com/Ulbora/GoAuth2/mysqldb/allowedUri.go:96.25,98.3 1 1
github.com/Ulbora/GoAuth2/mysqldb/allowedUri.go:104.73,107.16 3 1
github.com/Ulbora/GoAuth2/mysqldb/allowedUri.go:115.2,115.13 1 1
github.com/Ulbora/GoAuth2/mysqldb/allowedUri.go:107.16,109.17 2 1
github.com/Ulbora/GoAuth2/mysqldb/allowedUri.go:109.17,113.4 3 1
github.com/Ulbora/GoAuth2/mysqldb/authCodeScope.go:29.99,32.15 3 1
github.com/Ulbora/GoAuth2/mysqldb/authCodeScope.go:37.2,37.16 1 1
github.com/Ulbora/GoAuth2/mysqldb/authCodeScope.go:32.15,36.3 3 1
github.com/Ulbora/GoAuth2/mysqldb/authCodeScope.go:41.84,43.15 2 1
github.com/Ulbora/GoAuth2/mysqldb/authCodeScope.go:48.2,48.12 1 1
github.com/Ulbora/GoAuth2/mysqldb/authCodeScope.go:43.15,47.3 3 1
github.com/Ulbora/GoAuth2/mysqldb/client.go:33.99,36.25 2 1
github.com/Ulbora/GoAuth2/mysqldb/client.go:39.2,44.21 6 1
github.com/Ulbora/GoAuth2/mysqldb/client.go:70.2,70.11 1 1
github.com/Ulbora/GoAuth2/mysqldb/client.go:74.2,74.17 1 1
github.com/Ulbora/GoAuth2/mysqldb/client.go:36.25,38.3 1 1
github.com/Ulbora/GoAuth2/mysqldb/client.go:44.21,47.36 1 1
github.com/Ulbora/GoAuth2/mysqldb/client.go:47.36,48.28 1 1
github.com/Ulbora/GoAuth2/mysqldb/client.go:48.28,59.26 3 1
github.com/Ulbora/GoAuth2/mysqldb/client.go:59.26,62.11 3 1
github.com/Ulbora/GoAuth2/mysqldb/client.go:66.8,69.3 2 1
github.com/Ulbora/GoAuth2/mysqldb/client.go:70.11,73.3 2 1
github.com/Ulbora/GoAuth2/mysqldb/client.go:96.62,97.25 1 1
github.com/Ulbora/GoAuth2/mysqldb/client.go:100.2,103.12 4 1
github.com/Ulbora/GoAuth2/mysqldb/client.go:97.25,99.3 1 1
github.com/Ulbora/GoAuth2/mysqldb/client.go:107.62,109.25 2 1
github.com/Ulbora/GoAuth2/mysqldb/client.go:112.2,115.37 4 1
github.com/Ulbora/GoAuth2/mysqldb/client.go:130.2,130.12 1 1
github.com/Ulbora/GoAuth2/mysqldb/client.go:109.25,111.3 1 1
github.com/Ulbora/GoAuth2/mysqldb/client.go:115.37,128.3 2 1
github.com/Ulbora/GoAuth2/mysqldb/client.go:134.51,136.25 2 1
github.com/Ulbora/GoAuth2/mysqldb/client.go:139.2,141.40 3 1
github.com/Ulbora/GoAuth2/mysqldb/client.go:151.2,151.13 1 1
github.com/Ulbora/GoAuth2/mysqldb/client.go:136.25,138.3 1 1
github.com/Ulbora/GoAuth2/mysqldb/client.go:141.40,143.28 2 1
github.com/Ulbora/GoAuth2/mysqldb/client.go:143.28,147.4 3 1
github.com/Ulbora/GoAuth2/mysqldb/client.go:154.53,157.16 3 1
github.com/Ulbora/GoAuth2/mysqldb/client.go:166.2,166.13 1 1
github.com/Ulbora/GoAuth2/mysqldb/client.go:157.16,165.3 7 1
github.com/Ulbora/GoAuth2/mysqldb/client.go:170.65,172.25 2 1
github.com/Ulbora/GoAuth2/mysqldb/client.go:175.2,178.40 4 1
github.com/Ulbora/GoAuth2/mysqldb/client.go:187.2,187.13 1 1
github.com/Ulbora/GoAuth2/mysqldb/client.go:172.25,174.3 1 1
github.com/Ulbora/GoAuth2/mysqldb/client.go:178.40,180.28 2 1
github.com/Ulbora/GoAuth2/mysqldb/client.go:180.28,184.4 3 1
github.com/Ulbora/GoAuth2/mysqldb/client.go:191.58,193.25 2 1
github.com/Ulbora/GoAuth2/mysqldb/client.go:196.2,203.10 4 1
github.com/Ulbora/GoAuth2/mysqldb/client.go:215.2,215.11 1 1
github.com/Ulbora/GoAuth2/mysqldb/client.go:220.2,220.12 1 1
github.com/Ulbora/GoAuth2/mysqldb/client.go:193.25,195.3 1 1
github.com/Ulbora/GoAuth2/mysqldb/client.go:203.10,207.12 4 1
github.com/Ulbora/GoAuth2/mysqldb/client.go:207.12,210.4 2 1
github.com/Ulbora/GoAuth2/mysqldb/client.go:211.8,214.3 2 1
github.com/Ulbora/GoAuth2/mysqldb/client.go:215.11,218.3 2 1
github.com/Ulbora/GoAuth2/mysqldb/oauthDb.go:34.46,41.26 7 1
github.com/Ulbora/GoAuth2/mysqldb/oauthDb.go:53.2,53.12 1 1
github.com/Ulbora/GoAuth2/mysqldb/oauthDb.go:41.26,46.17 3 1
github.com/Ulbora/GoAuth2/mysqldb/oauthDb.go:49.3,49.20 1 1
github.com/Ulbora/GoAuth2/mysqldb/oauthDb.go:46.17,48.4 1 1
github.com/Ulbora/GoAuth2/mysqldb/oauthDb.go:49.20,51.4 1 1
github.com/Ulbora/GoAuth2/mysqldb/refreshToken.go:31.96,34.38 3 1
github.com/Ulbora/GoAuth2/mysqldb/refreshToken.go:37.2,39.15 3 1
github.com/Ulbora/GoAuth2/mysqldb/refreshToken.go:44.2,44.16 1 1
github.com/Ulbora/GoAuth2/mysqldb/refreshToken.go:34.38,36.3 1 1
github.com/Ulbora/GoAuth2/mysqldb/refreshToken.go:39.15,41.3 1 1
github.com/Ulbora/GoAuth2/mysqldb/refreshToken.go:41.8,43.3 1 1
github.com/Ulbora/GoAuth2/mysqldb/refreshToken.go:48.69,49.25 1 1
github.com/Ulbora/GoAuth2/mysqldb/refreshToken.go:52.2,55.12 4 1
github.com/Ulbora/GoAuth2/mysqldb/refreshToken.go:49.25,51.3 1 1
github.com/Ulbora/GoAuth2/mysqldb/refreshToken.go:59.68,60.25 1 1
github.com/Ulbora/GoAuth2/mysqldb/refreshToken.go:63.2,67.12 5 1
github.com/Ulbora/GoAuth2/mysqldb/refreshToken.go:60.25,62.3 1 1
github.com/Ulbora/GoAuth2/mysqldb/refreshToken.go:71.79,73.38 2 1
github.com/Ulbora/GoAuth2/mysqldb/refreshToken.go:76.2,78.15 3 1
github.com/Ulbora/GoAuth2/mysqldb/refreshToken.go:83.2,83.12 1 1
github.com/Ulbora/GoAuth2/mysqldb/refreshToken.go:73.38,75.3 1 1
github.com/Ulbora/GoAuth2/mysqldb/refreshToken.go:78.15,80.3 1 1
github.com/Ulbora/GoAuth2/mysqldb/refreshToken.go:80.8,82.3 1 1
github.com/Ulbora/GoAuth2/mysqldb/refreshToken.go:86.65,89.16 3 1
github.com/Ulbora/GoAuth2/mysqldb/refreshToken.go:93.2,93.13 1 1
github.com/Ulbora/GoAuth2/mysqldb/refreshToken.go:89.16,92.3 2 1
github.com/Ulbora/GoAuth2/mysqldb/roleUri.go:29.68,30.25 1 1
github.com/Ulbora/GoAuth2/mysqldb/roleUri.go:33.2,36.12 4 1
github.com/Ulbora/GoAuth2/mysqldb/roleUri.go:30.25,32.3 1 1
github.com/Ulbora/GoAuth2/mysqldb/roleUri.go:40.87,42.25 2 1
github.com/Ulbora/GoAuth2/mysqldb/roleUri.go:45.2,48.40 4 1
github.com/Ulbora/GoAuth2/mysqldb/roleUri.go:56.2,56.13 1 1
github.com/Ulbora/GoAuth2/mysqldb/roleUri.go:42.25,44.3 1 1
github.com/Ulbora/GoAuth2/mysqldb/roleUri.go:48.40,50.28 2 1
github.com/Ulbora/GoAuth2/mysqldb/roleUri.go:50.28,54.4 3 1
github.com/Ulbora/GoAuth2/mysqldb/roleUri.go:60.93,62.25 2 1
github.com/Ulbora/GoAuth2/mysqldb/roleUri.go:65.2,68.40 4 1
github.com/Ulbora/GoAuth2/mysqldb/roleUri.go:76.2,76.13 1 1
github.com/Ulbora/GoAuth2/mysqldb/roleUri.go:62.25,64.3 1 1
github.com/Ulbora/GoAuth2/mysqldb/roleUri.go:68.40,70.28 2 1
github.com/Ulbora/GoAuth2/mysqldb/roleUri.go:70.28,74.4 3 1
github.com/Ulbora/GoAuth2/mysqldb/roleUri.go:80.71,81.25 1 1
github.com/Ulbora/GoAuth2/mysqldb/roleUri.go:84.2,86.41 3 1
github.com/Ulbora/GoAuth2/mysqldb/roleUri.go:81.25,83.3 1 1
github.com/Ulbora/GoAuth2/mysqldb/roleUri.go:89.60,92.16 3 1
github.com/Ulbora/GoAuth2/mysqldb/roleUri.go:100.2,100.13 1 1
github.com/Ulbora/GoAuth2/mysqldb/roleUri.go:92.16,94.17 2 1
github.com/Ulbora/GoAuth2/mysqldb/roleUri.go:94.17,98.4 2 1
github.com/Ulbora/GoAuth2/mysqldb/roleUri.go:103.60,106.16 3 1
github.com/Ulbora/GoAuth2/mysqldb/roleUri.go:119.2,119.13 1 1
github.com/Ulbora/GoAuth2/mysqldb/roleUri.go:106.16,108.17 2 1
github.com/Ulbora/GoAuth2/mysqldb/roleUri.go:108.17,110.18 2 1
github.com/Ulbora/GoAuth2/mysqldb/roleUri.go:110.18,116.5 5 1
