mode: set
github.com/Ulbora/GoAuth2/managers/utilities.go:32.36,35.26 3 1
github.com/Ulbora/GoAuth2/managers/utilities.go:40.2,40.13 1 1
github.com/Ulbora/GoAuth2/managers/utilities.go:35.26,39.3 3 1
github.com/Ulbora/GoAuth2/managers/utilities.go:43.39,45.37 2 1
github.com/Ulbora/GoAuth2/managers/utilities.go:55.2,55.12 1 1
github.com/Ulbora/GoAuth2/managers/utilities.go:45.37,54.3 4 1
github.com/Ulbora/GoAuth2/managers/utilities.go:59.41,61.37 2 1
github.com/Ulbora/GoAuth2/managers/utilities.go:71.2,71.12 1 1
github.com/Ulbora/GoAuth2/managers/utilities.go:61.37,70.3 4 1
github.com/Ulbora/GoAuth2/managers/clientRedirectUriManager.go:37.82,45.2 5 1
github.com/Ulbora/GoAuth2/managers/clientRedirectUriManager.go:48.86,51.24 3 1
github.com/Ulbora/GoAuth2/managers/clientRedirectUriManager.go:58.2,58.13 1 1
github.com/Ulbora/GoAuth2/managers/clientRedirectUriManager.go:51.24,57.3 5 1
github.com/Ulbora/GoAuth2/managers/clientRedirectUriManager.go:62.63,65.2 2 1
github.com/Ulbora/GoAuth2/managers/jwt.go:55.61,68.21 11 1
github.com/Ulbora/GoAuth2/managers/jwt.go:71.2,72.20 2 1
github.com/Ulbora/GoAuth2/managers/jwt.go:75.2,80.16 5 1
github.com/Ulbora/GoAuth2/managers/jwt.go:83.2,83.12 1 1
github.com/Ulbora/GoAuth2/managers/jwt.go:68.21,70.3 1 1
github.com/Ulbora/GoAuth2/managers/jwt.go:72.20,74.3 1 1
github.com/Ulbora/GoAuth2/managers/jwt.go:80.16,82.3 1 1
github.com/Ulbora/GoAuth2/managers/clientRoleManager.go:37.67,45.2 5 1
github.com/Ulbora/GoAuth2/managers/clientRoleManager.go:48.72,51.24 3 1
github.com/Ulbora/GoAuth2/managers/clientRoleManager.go:58.2,58.13 1 1
github.com/Ulbora/GoAuth2/managers/clientRoleManager.go:51.24,57.3 5 1
github.com/Ulbora/GoAuth2/managers/clientRoleManager.go:62.56,65.2 2 1
github.com/Ulbora/GoAuth2/managers/clientRoleUriManager.go:36.64,43.2 5 1
github.com/Ulbora/GoAuth2/managers/clientRoleUriManager.go:46.83,49.26 3 1
github.com/Ulbora/GoAuth2/managers/clientRoleUriManager.go:55.2,55.13 1 1
github.com/Ulbora/GoAuth2/managers/clientRoleUriManager.go:49.26,54.3 4 1
github.com/Ulbora/GoAuth2/managers/clientRoleUriManager.go:59.67,65.2 5 1
github.com/Ulbora/GoAuth2/managers/grantTypeManager.go:37.78,43.2 5 1
github.com/Ulbora/GoAuth2/managers/grantTypeManager.go:45.81,48.29 3 1
github.com/Ulbora/GoAuth2/managers/grantTypeManager.go:53.2,53.12 1 1
github.com/Ulbora/GoAuth2/managers/grantTypeManager.go:48.29,49.32 1 1
github.com/Ulbora/GoAuth2/managers/grantTypeManager.go:49.32,51.4 1 1
github.com/Ulbora/GoAuth2/managers/grantTypeManager.go:57.82,60.26 3 1
github.com/Ulbora/GoAuth2/managers/grantTypeManager.go:67.2,67.13 1 1
github.com/Ulbora/GoAuth2/managers/grantTypeManager.go:60.26,66.3 5 1
github.com/Ulbora/GoAuth2/managers/grantTypeManager.go:71.61,74.2 2 1
github.com/Ulbora/GoAuth2/managers/refreshTokenManager.go:23.84,26.15 3 0
github.com/Ulbora/GoAuth2/managers/refreshTokenManager.go:29.2,29.12 1 0
github.com/Ulbora/GoAuth2/managers/refreshTokenManager.go:26.16,28.3 0 0
github.com/Ulbora/GoAuth2/managers/authorizationManager.go:46.110,48.20 2 1
github.com/Ulbora/GoAuth2/managers/authorizationManager.go:84.2,84.42 1 1
github.com/Ulbora/GoAuth2/managers/authorizationManager.go:48.20,50.17 2 1
github.com/Ulbora/GoAuth2/managers/authorizationManager.go:50.17,53.12 3 1
github.com/Ulbora/GoAuth2/managers/authorizationManager.go:53.12,56.62 3 1
github.com/Ulbora/GoAuth2/managers/authorizationManager.go:56.62,60.35 4 1
github.com/Ulbora/GoAuth2/managers/authorizationManager.go:66.6,67.20 2 1
github.com/Ulbora/GoAuth2/managers/authorizationManager.go:60.35,61.30 1 1
github.com/Ulbora/GoAuth2/managers/authorizationManager.go:61.30,63.13 2 1
github.com/Ulbora/GoAuth2/managers/authorizationManager.go:67.20,70.16 3 1
github.com/Ulbora/GoAuth2/managers/authorizationManager.go:70.17,74.8 0 1
github.com/Ulbora/GoAuth2/managers/authorizationManager.go:75.13,77.7 0 0
github.com/Ulbora/GoAuth2/managers/clientAllowedUriManager.go:37.80,43.2 5 1
github.com/Ulbora/GoAuth2/managers/clientAllowedUriManager.go:46.74,52.2 5 1
github.com/Ulbora/GoAuth2/managers/clientAllowedUriManager.go:55.72,62.2 6 1
github.com/Ulbora/GoAuth2/managers/clientAllowedUriManager.go:65.84,68.26 3 1
github.com/Ulbora/GoAuth2/managers/clientAllowedUriManager.go:75.2,75.13 1 1
github.com/Ulbora/GoAuth2/managers/clientAllowedUriManager.go:68.26,74.3 5 1
github.com/Ulbora/GoAuth2/managers/clientAllowedUriManager.go:79.62,82.2 2 1
github.com/Ulbora/GoAuth2/managers/clientManager.go:49.64,54.74 3 1
github.com/Ulbora/GoAuth2/managers/clientManager.go:76.2,76.16 1 1
github.com/Ulbora/GoAuth2/managers/clientManager.go:54.74,64.42 9 1
github.com/Ulbora/GoAuth2/managers/clientManager.go:71.3,74.11 3 1
github.com/Ulbora/GoAuth2/managers/clientManager.go:64.42,68.4 3 1
github.com/Ulbora/GoAuth2/managers/clientManager.go:80.58,83.25 2 1
github.com/Ulbora/GoAuth2/managers/clientManager.go:88.2,98.12 8 1
github.com/Ulbora/GoAuth2/managers/clientManager.go:83.25,85.3 1 1
github.com/Ulbora/GoAuth2/managers/clientManager.go:85.8,87.3 1 1
github.com/Ulbora/GoAuth2/managers/clientManager.go:102.52,106.21 3 1
github.com/Ulbora/GoAuth2/managers/clientManager.go:125.2,125.13 1 1
github.com/Ulbora/GoAuth2/managers/clientManager.go:106.21,116.27 10 1
github.com/Ulbora/GoAuth2/managers/clientManager.go:123.3,123.28 1 1
github.com/Ulbora/GoAuth2/managers/clientManager.go:116.27,122.4 5 1
github.com/Ulbora/GoAuth2/managers/clientManager.go:129.50,132.24 3 1
github.com/Ulbora/GoAuth2/managers/clientManager.go:136.2,136.13 1 1
github.com/Ulbora/GoAuth2/managers/clientManager.go:132.24,135.3 2 1
github.com/Ulbora/GoAuth2/managers/clientManager.go:140.67,143.24 3 1
github.com/Ulbora/GoAuth2/managers/clientManager.go:147.2,147.13 1 1
github.com/Ulbora/GoAuth2/managers/clientManager.go:143.24,146.3 2 1
github.com/Ulbora/GoAuth2/managers/clientManager.go:151.52,154.2 2 1
github.com/Ulbora/GoAuth2/managers/clientManager.go:156.42,164.2 7 1
